<?xml version="1.0" encoding="UTF-8"?>
<!-- Generated by org.testng.reporters.JUnitReportReporter -->
<testsuite hostname="DESKTOP-RCPQQ8F" failures="0" tests="1" name="automationproject.LoginTest" time="10.619" errors="0" timestamp="2021-12-29T09:40:37 IST" skipped="0">
  <testcase classname="automationproject.LoginTest" name="loginSuccess" time="10.619"/>
  <system-out/>
</testsuite> <!-- automationproject.LoginTest -->
