<?xml version="1.0" encoding="UTF-8"?>
<!-- Generated by org.testng.reporters.JUnitReportReporter -->
<testsuite hostname="DESKTOP-V7AFDP1" failures="0" tests="1" name="automationproject.RegistrationTest" time="22.941" errors="0" timestamp="2021-12-29T11:16:13 IST" skipped="0">
  <testcase classname="automationproject.RegistrationTest" name="shouldRegisterSuccessfully" time="22.941"/>
  <system-out/>
</testsuite> <!-- automationproject.RegistrationTest -->
